<?xml version="1.0" encoding="UTF-8"?>
<!-- Generated by org.testng.reporters.JUnitReportReporter -->
<testsuite hostname="DESKTOP-EQP2OB3" failures="0" tests="2" name="com.runner.TestRunner" time="26.782" errors="0" timestamp="22 Mar 2023 06:07:04 GMT" skipped="0">
  <testcase classname="com.runner.TestRunner" name="runScenario" time="17.542"/>
  <testcase classname="com.runner.TestRunner" name="runScenario" time="9.240"/>
</testsuite> <!-- com.runner.TestRunner -->
